2024-07-28 15:09:58 - 收到留言: 
2024-07-28 15:09:58 - 留言儲存成功
2024-07-28 15:14:15 - 收到留言: 嗨
2024-07-28 15:14:15 - 留言儲存成功
2024-07-28 15:17:22 - 收到留言: 嗨
2024-07-28 15:17:22 - 留言儲存成功
2024-07-28 15:20:41 - 收到留言: 水喔
2024-07-28 15:20:41 - 留言儲存成功
2024-07-28 15:31:23 - 收到留言: 對
2024-07-28 15:31:23 - 留言儲存成功
2024-07-28 15:52:33 - 收到留言: 嗨
2024-07-28 15:52:33 - 留言儲存成功
2024-07-28 15:58:46 - 收到留言: 嗨
2024-07-28 15:58:46 - 留言儲存成功
2024-07-28 16:21:33 - 收到留言: 嗨
2024-07-28 16:21:33 - 留言儲存成功
2024-07-28 16:39:15 - 收到留言: 嗨
2024-07-28 16:39:15 - 留言儲存成功
2024-07-28 17:52:27 - 收到留言: 嗨
2024-07-28 17:52:27 - 留言儲存成功
2024-09-09 12:11:43 - 收到留言: 你好
2024-09-09 12:11:43 - 留言儲存成功
2024-09-12 06:56:48 - 收到留言: 你好
2024-09-12 06:56:48 - 留言儲存成功
2024-09-12 06:58:19 - 收到留言: 嗨
2024-09-12 06:58:19 - 留言儲存成功
2024-09-12 07:11:00 - 收到留言: 加油
2024-09-12 07:11:00 - 留言儲存成功
